#
# A fatal error has been detected by the Java Runtime Environment:
#
#  EXCEPTION_ACCESS_VIOLATION (0xc0000005) at pc=0x00007ffdecc14fa8, pid=9548, tid=0x00000000000023f0
#
# JRE version: Java(TM) SE Runtime Environment (8.0_111-b14) (build 1.8.0_111-b14)
# Java VM: Java HotSpot(TM) 64-Bit Server VM (25.111-b14 mixed mode windows-amd64 compressed oops)
# Problematic frame:
# C  [spapidllm64.dll+0x4fa8]
#
# Failed to write core dump. Minidumps are not enabled by default on client versions of Windows
#
# If you would like to submit a bug report, please visit:
#   http://bugreport.java.com/bugreport/crash.jsp
# The crash happened outside the Java Virtual Machine in native code.
# See problematic frame for where to report the bug.
#

---------------  T H R E A D  ---------------

Current thread (0x00000000180ac800):  JavaThread "Thread-76" [_thread_in_native, id=9200, stack(0x000000001a780000,0x000000001a880000)]

siginfo: ExceptionCode=0xc0000005, reading address 0x0000000000000084

Registers:
RAX=0x00000000000023f0, RBX=0x0000000000000080, RCX=0x000000001a87ecb8, RDX=0x0000000000000000
RSP=0x000000001a87eb80, RBP=0x000000001a87ec29, RSI=0x00000000000023f0, RDI=0x000000001a87ecb8
R8 =0x000000001a87eca8, R9 =0x000000001a87edf0, R10=0x0000000000000000, R11=0x0000000000000246
R12=0x0000000000000000, R13=0x0000000018dc5660, R14=0x000000001a87f150, R15=0x00000000180ac800
RIP=0x00007ffdecc14fa8, EFLAGS=0x0000000000010246

Top of Stack: (sp=0x000000001a87eb80)
0x000000001a87eb80:   0000000018d9d418 0000000000000000
0x000000001a87eb90:   0000bbf9c9a621be 0000000000200021
0x000000001a87eba0:   000000001a87f118 0000000018d9d418
0x000000001a87ebb0:   0000000000000000 0000000000000000
0x000000001a87ebc0:   fffffffffffffffe 000000001a87f148
0x000000001a87ebd0:   0000000018d9d418 0000000000000000
0x000000001a87ebe0:   0000000000200021 000000001a87f118
0x000000001a87ebf0:   00000000180ac800 000000001a87f148
0x000000001a87ec00:   0000000100010428 00000001800114b0
0x000000001a87ec10:   0000000018d9d418 0000000100000000
0x000000001a87ec20:   000000001963d120 000000001963d120
0x000000001a87ec30:   0000000018d9d418 00000001800027e0
0x000000001a87ec40:   0000000018d9d418 00007ffdecc2db30
0x000000001a87ec50:   000000001a87f118 0000000000200021
0x000000001a87ec60:   000000001963d120 00007ffdecc2db30
0x000000001a87ec70:   00008d992b046f05 0000000057ceb026 

Instructions: (pc=0x00007ffdecc14fa8)
0x00007ffdecc14f88:   45 1f 00 48 8d 05 d6 e0 0c 00 48 89 45 f7 48 8d
0x00007ffdecc14f98:   4d f7 e8 61 0e 00 00 90 ff 15 62 81 0c 00 8b f0
0x00007ffdecc14fa8:   8b 4b 04 3b c8 75 04 ff 03 eb 12 48 8d 4b 08 e8
0x00007ffdecc14fb8:   24 c5 ff ff 87 73 04 c7 03 01 00 00 00 c6 47 08 


Register to memory mapping:

RAX=0x00000000000023f0 is an unknown value
RBX=0x0000000000000080 is an unknown value
RCX=0x000000001a87ecb8 is pointing into the stack for thread: 0x00000000180ac800
RDX=0x0000000000000000 is an unknown value
RSP=0x000000001a87eb80 is pointing into the stack for thread: 0x00000000180ac800
RBP=0x000000001a87ec29 is pointing into the stack for thread: 0x00000000180ac800
RSI=0x00000000000023f0 is an unknown value
RDI=0x000000001a87ecb8 is pointing into the stack for thread: 0x00000000180ac800
R8 =0x000000001a87eca8 is pointing into the stack for thread: 0x00000000180ac800
R9 =0x000000001a87edf0 is pointing into the stack for thread: 0x00000000180ac800
R10=0x0000000000000000 is an unknown value
R11=0x0000000000000246 is an unknown value
R12=0x0000000000000000 is an unknown value
R13={method} {0x0000000018dc5668} 'invokeInt' '(I[Ljava/lang/Object;)I' in 'com/sun/jna/Function'
R14=0x000000001a87f150 is pointing into the stack for thread: 0x00000000180ac800
R15=0x00000000180ac800 is a thread


Stack: [0x000000001a780000,0x000000001a880000],  sp=0x000000001a87eb80,  free space=1018k
Native frames: (J=compiled Java code, j=interpreted, Vv=VM code, C=native code)
C  [spapidllm64.dll+0x4fa8]
C  [spapidllm64.dll+0x56447]
C  [spapidllm64.dll+0x1c1ee]
C  [spapidllm64.dll+0xa282]
C  [spapidllm64.dll+0x21fe6]
C  [spapidllm64.dll+0x1db4a]
C  [jna1315890051098663359.tmp+0x11243]
C  [jna1315890051098663359.tmp+0x9d0d]
C  [jna1315890051098663359.tmp+0x1ee7]
C  [jna1315890051098663359.tmp+0x2417]
C  0x00000000034779b4

Java frames: (J=compiled Java code, j=interpreted, Vv=VM code)
j  com.sun.jna.Function.invokeInt(I[Ljava/lang/Object;)I+0
j  com.sun.jna.Function.invoke([Ljava/lang/Object;Ljava/lang/Class;)Ljava/lang/Object;+315
j  com.sun.jna.Function.invoke(Ljava/lang/Class;[Ljava/lang/Object;Ljava/util/Map;)Ljava/lang/Object;+194
j  com.sun.jna.Library$Handler.invoke(Ljava/lang/Object;Ljava/lang/reflect/Method;[Ljava/lang/Object;)Ljava/lang/Object;+344
j  com.sun.proxy.$Proxy0.SPAPI_Uninitialize()I+9
j  net.icegalaxy.SPApi.unInit()I+35
j  net.icegalaxy.TimePeriodDecider.run()V+383
j  java.lang.Thread.run()V+11
v  ~StubRoutines::call_stub

---------------  P R O C E S S  ---------------

Java Threads: ( => current thread )
=>0x00000000180ac800 JavaThread "Thread-76" [_thread_in_native, id=9200, stack(0x000000001a780000,0x000000001a880000)]
  0x00000000180ab800 JavaThread "Thread-75" [_thread_blocked, id=7236, stack(0x000000001a680000,0x000000001a780000)]
  0x0000000017dea000 JavaThread "TimerQueue" daemon [_thread_blocked, id=1540, stack(0x0000000019500000,0x0000000019600000)]
  0x0000000003360800 JavaThread "DestroyJavaVM" [_thread_blocked, id=7500, stack(0x00000000031d0000,0x00000000032d0000)]
  0x0000000017c73000 JavaThread "AWT-EventQueue-0" [_thread_blocked, id=5080, stack(0x0000000018af0000,0x0000000018bf0000)]
  0x00000000172a8800 JavaThread "AWT-Windows" daemon [_thread_in_native, id=204, stack(0x00000000184f0000,0x00000000185f0000)]
  0x00000000172a1800 JavaThread "AWT-Shutdown" [_thread_blocked, id=9800, stack(0x00000000183f0000,0x00000000184f0000)]
  0x0000000017b23000 JavaThread "Java2D Disposer" daemon [_thread_blocked, id=9416, stack(0x00000000182e0000,0x00000000183e0000)]
  0x0000000016f34000 JavaThread "Service Thread" daemon [_thread_blocked, id=1000, stack(0x00000000177b0000,0x00000000178b0000)]
  0x0000000015a7b000 JavaThread "C1 CompilerThread2" daemon [_thread_blocked, id=4440, stack(0x00000000176b0000,0x00000000177b0000)]
  0x0000000015a73800 JavaThread "C2 CompilerThread1" daemon [_thread_blocked, id=6608, stack(0x00000000175b0000,0x00000000176b0000)]
  0x0000000015a68800 JavaThread "C2 CompilerThread0" daemon [_thread_blocked, id=5496, stack(0x00000000174b0000,0x00000000175b0000)]
  0x0000000016ef3000 JavaThread "Attach Listener" daemon [_thread_blocked, id=2376, stack(0x00000000173b0000,0x00000000174b0000)]
  0x0000000016ef2800 JavaThread "Signal Dispatcher" daemon [_thread_blocked, id=4888, stack(0x00000000172b0000,0x00000000173b0000)]
  0x0000000015a3a800 JavaThread "Finalizer" daemon [_thread_blocked, id=9628, stack(0x0000000016cc0000,0x0000000016dc0000)]
  0x000000000344f000 JavaThread "Reference Handler" daemon [_thread_blocked, id=600, stack(0x0000000016bc0000,0x0000000016cc0000)]

Other Threads:
  0x0000000015a17800 VMThread [stack: 0x0000000016ac0000,0x0000000016bc0000] [id=6468]
  0x0000000016f65000 WatcherThread [stack: 0x00000000178b0000,0x00000000179b0000] [id=9648]

VM state:not at safepoint (normal execution)

VM Mutex/Monitor currently owned by a thread: None

Heap:
 PSYoungGen      total 19456K, used 249K [0x00000000eb300000, 0x00000000f0480000, 0x0000000100000000)
  eden space 18944K, 0% used [0x00000000eb300000,0x00000000eb31e548,0x00000000ec580000)
  from space 512K, 25% used [0x00000000f0400000,0x00000000f0420000,0x00000000f0480000)
  to   space 512K, 0% used [0x00000000f0380000,0x00000000f0380000,0x00000000f0400000)
 ParOldGen       total 44032K, used 13913K [0x00000000c1800000, 0x00000000c4300000, 0x00000000eb300000)
  object space 44032K, 31% used [0x00000000c1800000,0x00000000c2596568,0x00000000c4300000)
 Metaspace       used 15785K, capacity 15962K, committed 16384K, reserved 1062912K
  class space    used 1887K, capacity 1965K, committed 2048K, reserved 1048576K

Card table byte_map: [0x0000000012820000,0x0000000012a20000] byte_map_base: 0x0000000012214000

Marking Bits: (ParMarkBitMap*) 0x00000000583fa6c0
 Begin Bits: [0x0000000012f70000, 0x0000000013f10000)
 End Bits:   [0x0000000013f10000, 0x0000000014eb0000)

Polling page: 0x0000000002e00000

CodeCache: size=245760Kb used=7112Kb max_used=7647Kb free=238647Kb
 bounds [0x0000000003460000, 0x0000000003bf0000, 0x0000000012460000]
 total_blobs=2453 nmethods=1933 adapters=433
 compilation: enabled

Compilation events (10 events):
Event: 54695.544 Thread 0x0000000015a7b000 2437       3       java.util.ServiceLoader$LazyIterator::hasNext (42 bytes)
Event: 54695.545 Thread 0x0000000015a7b000 nmethod 2437 0x0000000003bb3510 code [0x0000000003bb36c0, 0x0000000003bb3b08]
Event: 54696.487 Thread 0x0000000015a7b000 2438 %     3       java.lang.ref.Reference$ReferenceHandler::run @ 0 (8 bytes)
Event: 54696.488 Thread 0x0000000015a7b000 nmethod 2438% 0x0000000003b9ee90 code [0x0000000003b9f000, 0x0000000003b9f1e8]
Event: 54696.489 Thread 0x0000000015a7b000 2439 % !   3       java.lang.ref.Finalizer$FinalizerThread::run @ 33 (55 bytes)
Event: 54696.493 Thread 0x0000000015a7b000 nmethod 2439% 0x00000000036d68d0 code [0x00000000036d6b00, 0x00000000036d77e8]
Event: 54697.322 Thread 0x0000000015a7b000 2440       3       java.lang.String::getBytes (14 bytes)
Event: 54697.323 Thread 0x0000000015a7b000 nmethod 2440 0x00000000036d6510 code [0x00000000036d6680, 0x00000000036d6828]
Event: 54697.324 Thread 0x0000000015a7b000 2441   !   3       java.lang.StringCoding::encode (64 bytes)
Event: 54697.329 Thread 0x0000000015a7b000 nmethod 2441 0x00000000036d3050 code [0x00000000036d32c0, 0x00000000036d3fc8]

GC Heap History (10 events):
Event: 53855.696 GC heap before
{Heap before GC invocations=134 (full 0):
 PSYoungGen      total 19456K, used 19072K [0x00000000eb300000, 0x00000000f0480000, 0x0000000100000000)
  eden space 18944K, 100% used [0x00000000eb300000,0x00000000ec580000,0x00000000ec580000)
  from space 512K, 25% used [0x00000000f0380000,0x00000000f03a0000,0x00000000f0400000)
  to   space 512K, 0% used [0x00000000f0400000,0x00000000f0400000,0x00000000f0480000)
 ParOldGen       total 44032K, used 13809K [0x00000000c1800000, 0x00000000c4300000, 0x00000000eb300000)
  object space 44032K, 31% used [0x00000000c1800000,0x00000000c257c568,0x00000000c4300000)
 Metaspace       used 15778K, capacity 15962K, committed 16384K, reserved 1062912K
  class space    used 1887K, capacity 1965K, committed 2048K, reserved 1048576K
Event: 53855.701 GC heap after
Heap after GC invocations=134 (full 0):
 PSYoungGen      total 19456K, used 128K [0x00000000eb300000, 0x00000000f0480000, 0x0000000100000000)
  eden space 18944K, 0% used [0x00000000eb300000,0x00000000eb300000,0x00000000ec580000)
  from space 512K, 25% used [0x00000000f0400000,0x00000000f0420000,0x00000000f0480000)
  to   space 512K, 0% used [0x00000000f0380000,0x00000000f0380000,0x00000000f0400000)
 ParOldGen       total 44032K, used 13825K [0x00000000c1800000, 0x00000000c4300000, 0x00000000eb300000)
  object space 44032K, 31% used [0x00000000c1800000,0x00000000c2580568,0x00000000c4300000)
 Metaspace       used 15778K, capacity 15962K, committed 16384K, reserved 1062912K
  class space    used 1887K, capacity 1965K, committed 2048K, reserved 1048576K
}
Event: 54094.913 GC heap before
{Heap before GC invocations=135 (full 0):
 PSYoungGen      total 19456K, used 19072K [0x00000000eb300000, 0x00000000f0480000, 0x0000000100000000)
  eden space 18944K, 100% used [0x00000000eb300000,0x00000000ec580000,0x00000000ec580000)
  from space 512K, 25% used [0x00000000f0400000,0x00000000f0420000,0x00000000f0480000)
  to   space 512K, 0% used [0x00000000f0380000,0x00000000f0380000,0x00000000f0400000)
 ParOldGen       total 44032K, used 13825K [0x00000000c1800000, 0x00000000c4300000, 0x00000000eb300000)
  object space 44032K, 31% used [0x00000000c1800000,0x00000000c2580568,0x00000000c4300000)
 Metaspace       used 15778K, capacity 15962K, committed 16384K, reserved 1062912K
  class space    used 1887K, capacity 1965K, committed 2048K, reserved 1048576K
Event: 54094.916 GC heap after
Heap after GC invocations=135 (full 0):
 PSYoungGen      total 19456K, used 288K [0x00000000eb300000, 0x00000000f0480000, 0x0000000100000000)
  eden space 18944K, 0% used [0x00000000eb300000,0x00000000eb300000,0x00000000ec580000)
  from space 512K, 56% used [0x00000000f0380000,0x00000000f03c8000,0x00000000f0400000)
  to   space 512K, 0% used [0x00000000f0400000,0x00000000f0400000,0x00000000f0480000)
 ParOldGen       total 44032K, used 13849K [0x00000000c1800000, 0x00000000c4300000, 0x00000000eb300000)
  object space 44032K, 31% used [0x00000000c1800000,0x00000000c2586568,0x00000000c4300000)
 Metaspace       used 15778K, capacity 15962K, committed 16384K, reserved 1062912K
  class space    used 1887K, capacity 1965K, committed 2048K, reserved 1048576K
}
Event: 54325.811 GC heap before
{Heap before GC invocations=136 (full 0):
 PSYoungGen      total 19456K, used 19232K [0x00000000eb300000, 0x00000000f0480000, 0x0000000100000000)
  eden space 18944K, 100% used [0x00000000eb300000,0x00000000ec580000,0x00000000ec580000)
  from space 512K, 56% used [0x00000000f0380000,0x00000000f03c8000,0x00000000f0400000)
  to   space 512K, 0% used [0x00000000f0400000,0x00000000f0400000,0x00000000f0480000)
 ParOldGen       total 44032K, used 13849K [0x00000000c1800000, 0x00000000c4300000, 0x00000000eb300000)
  object space 44032K, 31% used [0x00000000c1800000,0x00000000c2586568,0x00000000c4300000)
 Metaspace       used 15778K, capacity 15962K, committed 16384K, reserved 1062912K
  class space    used 1887K, capacity 1965K, committed 2048K, reserved 1048576K
Event: 54325.815 GC heap after
Heap after GC invocations=136 (full 0):
 PSYoungGen      total 19456K, used 128K [0x00000000eb300000, 0x00000000f0480000, 0x0000000100000000)
  eden space 18944K, 0% used [0x00000000eb300000,0x00000000eb300000,0x00000000ec580000)
  from space 512K, 25% used [0x00000000f0400000,0x00000000f0420000,0x00000000f0480000)
  to   space 512K, 0% used [0x00000000f0380000,0x00000000f0380000,0x00000000f0400000)
 ParOldGen       total 44032K, used 13873K [0x00000000c1800000, 0x00000000c4300000, 0x00000000eb300000)
  object space 44032K, 31% used [0x00000000c1800000,0x00000000c258c568,0x00000000c4300000)
 Metaspace       used 15778K, capacity 15962K, committed 16384K, reserved 1062912K
  class space    used 1887K, capacity 1965K, committed 2048K, reserved 1048576K
}
Event: 54525.122 GC heap before
{Heap before GC invocations=137 (full 0):
 PSYoungGen      total 19456K, used 19072K [0x00000000eb300000, 0x00000000f0480000, 0x0000000100000000)
  eden space 18944K, 100% used [0x00000000eb300000,0x00000000ec580000,0x00000000ec580000)
  from space 512K, 25% used [0x00000000f0400000,0x00000000f0420000,0x00000000f0480000)
  to   space 512K, 0% used [0x00000000f0380000,0x00000000f0380000,0x00000000f0400000)
 ParOldGen       total 44032K, used 13873K [0x00000000c1800000, 0x00000000c4300000, 0x00000000eb300000)
  object space 44032K, 31% used [0x00000000c1800000,0x00000000c258c568,0x00000000c4300000)
 Metaspace       used 15779K, capacity 15962K, committed 16384K, reserved 1062912K
  class space    used 1887K, capacity 1965K, committed 2048K, reserved 1048576K
Event: 54525.126 GC heap after
Heap after GC invocations=137 (full 0):
 PSYoungGen      total 19456K, used 128K [0x00000000eb300000, 0x00000000f0480000, 0x0000000100000000)
  eden space 18944K, 0% used [0x00000000eb300000,0x00000000eb300000,0x00000000ec580000)
  from space 512K, 25% used [0x00000000f0380000,0x00000000f03a0000,0x00000000f0400000)
  to   space 512K, 0% used [0x00000000f0400000,0x00000000f0400000,0x00000000f0480000)
 ParOldGen       total 44032K, used 13897K [0x00000000c1800000, 0x00000000c4300000, 0x00000000eb300000)
  object space 44032K, 31% used [0x00000000c1800000,0x00000000c2592568,0x00000000c4300000)
 Metaspace       used 15779K, capacity 15962K, committed 16384K, reserved 1062912K
  class space    used 1887K, capacity 1965K, committed 2048K, reserved 1048576K
}
Event: 54696.483 GC heap before
{Heap before GC invocations=138 (full 0):
 PSYoungGen      total 19456K, used 19072K [0x00000000eb300000, 0x00000000f0480000, 0x0000000100000000)
  eden space 18944K, 100% used [0x00000000eb300000,0x00000000ec580000,0x00000000ec580000)
  from space 512K, 25% used [0x00000000f0380000,0x00000000f03a0000,0x00000000f0400000)
  to   space 512K, 0% used [0x00000000f0400000,0x00000000f0400000,0x00000000f0480000)
 ParOldGen       total 44032K, used 13897K [0x00000000c1800000, 0x00000000c4300000, 0x00000000eb300000)
  object space 44032K, 31% used [0x00000000c1800000,0x00000000c2592568,0x00000000c4300000)
 Metaspace       used 15782K, capacity 15962K, committed 16384K, reserved 1062912K
  class space    used 1887K, capacity 1965K, committed 2048K, reserved 1048576K
Event: 54696.486 GC heap after
Heap after GC invocations=138 (full 0):
 PSYoungGen      total 19456K, used 128K [0x00000000eb300000, 0x00000000f0480000, 0x0000000100000000)
  eden space 18944K, 0% used [0x00000000eb300000,0x00000000eb300000,0x00000000ec580000)
  from space 512K, 25% used [0x00000000f0400000,0x00000000f0420000,0x00000000f0480000)
  to   space 512K, 0% used [0x00000000f0380000,0x00000000f0380000,0x00000000f0400000)
 ParOldGen       total 44032K, used 13913K [0x00000000c1800000, 0x00000000c4300000, 0x00000000eb300000)
  object space 44032K, 31% used [0x00000000c1800000,0x00000000c2596568,0x00000000c4300000)
 Metaspace       used 15782K, capacity 15962K, committed 16384K, reserved 1062912K
  class space    used 1887K, capacity 1965K, committed 2048K, reserved 1048576K
}

Deoptimization events (10 events):
Event: 54697.322 Thread 0x00000000180ac800 Uncommon trap: reason=unstable_if action=reinterpret pc=0x000000000397139c method=com.sun.jna.Native.getNativeSize(Ljava/lang/Class;)I @ 209
Event: 54697.329 Thread 0x00000000180ac800 Uncommon trap: reason=unstable_if action=reinterpret pc=0x00000000038ef480 method=java.lang.reflect.Method.invoke(Ljava/lang/Object;[Ljava/lang/Object;)Ljava/lang/Object; @ 4
Event: 54697.370 Thread 0x00000000180b7000 Uncommon trap: reason=unstable_if action=reinterpret pc=0x0000000003b04f4c method=net.icegalaxy.Rules.run()V @ 20
Event: 54697.487 Thread 0x00000000180ae800 Uncommon trap: reason=unstable_if action=reinterpret pc=0x000000000368c18c method=net.icegalaxy.Rules.run()V @ 97
Event: 54697.487 Thread 0x00000000180b5000 Uncommon trap: reason=unstable_if action=reinterpret pc=0x000000000368c18c method=net.icegalaxy.Rules.run()V @ 97
Event: 54697.487 Thread 0x00000000180b4000 Uncommon trap: reason=unstable_if action=reinterpret pc=0x000000000368c18c method=net.icegalaxy.Rules.run()V @ 97
Event: 54698.060 Thread 0x00000000180b3800 Uncommon trap: reason=unstable_if action=reinterpret pc=0x000000000368c18c method=net.icegalaxy.Rules.run()V @ 97
Event: 54698.067 Thread 0x00000000180b5800 Uncommon trap: reason=unstable_if action=reinterpret pc=0x000000000368c18c method=net.icegalaxy.Rules.run()V @ 97
Event: 54698.106 Thread 0x00000000180ad000 Uncommon trap: reason=unstable_if action=reinterpret pc=0x000000000368c18c method=net.icegalaxy.Rules.run()V @ 97
Event: 54698.110 Thread 0x00000000180b6800 Uncommon trap: reason=unstable_if action=reinterpret pc=0x000000000368c18c method=net.icegalaxy.Rules.run()V @ 97

Internal exceptions (10 events):
Event: 0.609 Thread 0x0000000003360800 Exception <a 'java/security/PrivilegedActionException'> (0x00000000eb3d86c0) thrown at [C:\re\workspace\8-2-build-windows-amd64-cygwin\jdk8u111\7883\hotspot\src\share\vm\prims\jvm.cpp, line 1386]
Event: 0.609 Thread 0x0000000003360800 Exception <a 'java/security/PrivilegedActionException'> (0x00000000eb3d88d0) thrown at [C:\re\workspace\8-2-build-windows-amd64-cygwin\jdk8u111\7883\hotspot\src\share\vm\prims\jvm.cpp, line 1386]
Event: 0.651 Thread 0x0000000003360800 Exception <a 'java/io/FileNotFoundException'> (0x00000000eb3db0e0) thrown at [C:\re\workspace\8-2-build-windows-amd64-cygwin\jdk8u111\7883\hotspot\src\share\vm\prims\jni.cpp, line 709]
Event: 0.766 Thread 0x0000000003360800 Exception <a 'java/lang/NoSuchFieldError': method resolution failed> (0x00000000eb4fac80) thrown at [C:\re\workspace\8-2-build-windows-amd64-cygwin\jdk8u111\7883\hotspot\src\share\vm\prims\methodHandles.cpp, line 1146]
Event: 0.772 Thread 0x0000000003360800 Exception <a 'java/lang/NoSuchFieldError': method resolution failed> (0x00000000eb508328) thrown at [C:\re\workspace\8-2-build-windows-amd64-cygwin\jdk8u111\7883\hotspot\src\share\vm\prims\methodHandles.cpp, line 1146]
Event: 0.872 Thread 0x0000000003360800 Exception <a 'java/io/FileNotFoundException'> (0x00000000eb59d5f0) thrown at [C:\re\workspace\8-2-build-windows-amd64-cygwin\jdk8u111\7883\hotspot\src\share\vm\prims\jni.cpp, line 709]
Event: 0.985 Thread 0x0000000003360800 Implicit null exception at 0x00000000035d3fe2 to 0x00000000035d41a9
Event: 1.139 Thread 0x0000000003360800 Exception <a 'java/io/FileNotFoundException'> (0x00000000eb6a9710) thrown at [C:\re\workspace\8-2-build-windows-amd64-cygwin\jdk8u111\7883\hotspot\src\share\vm\prims\jni.cpp, line 709]
Event: 1.139 Thread 0x0000000003360800 Exception <a 'java/lang/NullPointerException'> (0x00000000eb6a9ee8) thrown at [C:\re\workspace\8-2-build-windows-amd64-cygwin\jdk8u111\7883\hotspot\src\share\vm\interpreter\linkResolver.cpp, line 1178]
Event: 27907.569 Thread 0x0000000017c73000 Implicit null exception at 0x00000000038041da to 0x0000000003804281

Events (10 events):
Event: 54698.107 Thread 0x00000000180ad000 Thread exited: 0x00000000180ad000
Event: 54698.110 Executing VM operation: RevokeBias
Event: 54698.110 Executing VM operation: RevokeBias done
Event: 54698.110 Thread 0x00000000180b2800 Thread exited: 0x00000000180b2800
Event: 54698.110 Thread 0x00000000180b6800 Uncommon trap: trap_request=0xffffff65 fr.pc=0x000000000368c18c
Event: 54698.110 Thread 0x00000000180b6800 DEOPT PACKING pc=0x000000000368c18c sp=0x000000001b17f3e0
Event: 54698.110 Thread 0x00000000180b6800 DEOPT UNPACKING pc=0x00000000034a582a sp=0x000000001b17f3a8 mode 2
Event: 54698.111 Executing VM operation: RevokeBias
Event: 54698.111 Executing VM operation: RevokeBias done
Event: 54698.111 Thread 0x00000000180b6800 Thread exited: 0x00000000180b6800


Dynamic libraries:
0x00007ff7c82f0000 - 0x00007ff7c8327000 	C:\Program Files\Java\jre1.8.0_111\bin\javaw.exe
0x00007ffe16ed0000 - 0x00007ffe170a1000 	C:\WINDOWS\SYSTEM32\ntdll.dll
0x00007ffe16cb0000 - 0x00007ffe16d5b000 	C:\WINDOWS\System32\KERNEL32.DLL
0x00007ffe13700000 - 0x00007ffe1391d000 	C:\WINDOWS\System32\KERNELBASE.dll
0x00007ffe166b0000 - 0x00007ffe16752000 	C:\WINDOWS\System32\ADVAPI32.dll
0x00007ffe16c10000 - 0x00007ffe16cae000 	C:\WINDOWS\System32\msvcrt.dll
0x00007ffe16890000 - 0x00007ffe168e9000 	C:\WINDOWS\System32\sechost.dll
0x00007ffe16760000 - 0x00007ffe16881000 	C:\WINDOWS\System32\RPCRT4.dll
0x00007ffe15f50000 - 0x00007ffe160b5000 	C:\WINDOWS\System32\USER32.dll
0x00007ffe14270000 - 0x00007ffe1428e000 	C:\WINDOWS\System32\win32u.dll
0x00007ffe160c0000 - 0x00007ffe160f4000 	C:\WINDOWS\System32\GDI32.dll
0x00007ffe13570000 - 0x00007ffe136f2000 	C:\WINDOWS\System32\gdi32full.dll
0x00007ffe090d0000 - 0x00007ffe09349000 	C:\WINDOWS\WinSxS\amd64_microsoft.windows.common-controls_6595b64144ccf1df_6.0.14393.447_none_42191651c6827bb3\COMCTL32.dll
0x00007ffe16110000 - 0x00007ffe163d8000 	C:\WINDOWS\System32\combase.dll
0x00007ffe14120000 - 0x00007ffe14215000 	C:\WINDOWS\System32\ucrtbase.dll
0x00007ffe140b0000 - 0x00007ffe1411a000 	C:\WINDOWS\System32\bcryptPrimitives.dll
0x00007ffe168f0000 - 0x00007ffe1691e000 	C:\WINDOWS\System32\IMM32.DLL
0x0000000057940000 - 0x0000000057a12000 	C:\Program Files\Java\jre1.8.0_111\bin\msvcr100.dll
0x0000000057be0000 - 0x000000005847a000 	C:\Program Files\Java\jre1.8.0_111\bin\server\jvm.dll
0x00007ffe16100000 - 0x00007ffe16108000 	C:\WINDOWS\System32\PSAPI.DLL
0x00007ffe06560000 - 0x00007ffe0656a000 	C:\WINDOWS\SYSTEM32\VERSION.dll
0x00007ffe11310000 - 0x00007ffe11333000 	C:\WINDOWS\SYSTEM32\WINMM.dll
0x00007ffe0f4b0000 - 0x00007ffe0f4b9000 	C:\WINDOWS\SYSTEM32\WSOCK32.dll
0x00007ffe16920000 - 0x00007ffe1698a000 	C:\WINDOWS\System32\WS2_32.dll
0x0000000002e10000 - 0x0000000002e3b000 	C:\WINDOWS\SYSTEM32\WINMMBASE.dll
0x00007ffe14220000 - 0x00007ffe14262000 	C:\WINDOWS\System32\cfgmgr32.dll
0x0000000057af0000 - 0x0000000057aff000 	C:\Program Files\Java\jre1.8.0_111\bin\verify.dll
0x0000000057ac0000 - 0x0000000057ae9000 	C:\Program Files\Java\jre1.8.0_111\bin\java.dll
0x0000000057aa0000 - 0x0000000057ab6000 	C:\Program Files\Java\jre1.8.0_111\bin\zip.dll
0x00007ffe14460000 - 0x00007ffe15969000 	C:\WINDOWS\System32\SHELL32.dll
0x00007ffe13920000 - 0x00007ffe13ffa000 	C:\WINDOWS\System32\windows.storage.dll
0x00007ffe13330000 - 0x00007ffe1337c000 	C:\WINDOWS\System32\powrprof.dll
0x00007ffe16e70000 - 0x00007ffe16ec2000 	C:\WINDOWS\System32\shlwapi.dll
0x00007ffe13380000 - 0x00007ffe1338f000 	C:\WINDOWS\System32\kernel.appcore.dll
0x00007ffe134c0000 - 0x00007ffe13569000 	C:\WINDOWS\System32\shcore.dll
0x00007ffe133a0000 - 0x00007ffe133b4000 	C:\WINDOWS\System32\profapi.dll
0x00000000577a0000 - 0x0000000057938000 	C:\Program Files\Java\jre1.8.0_111\bin\awt.dll
0x00007ffe16990000 - 0x00007ffe16a4f000 	C:\WINDOWS\System32\OLEAUT32.dll
0x00007ffe133c0000 - 0x00007ffe1345c000 	C:\WINDOWS\System32\msvcp_win.dll
0x00007ffe118e0000 - 0x00007ffe1195a000 	C:\WINDOWS\SYSTEM32\apphelp.dll
0x00007ffe11190000 - 0x00007ffe111b6000 	C:\WINDOWS\system32\DWMAPI.DLL
0x00007ffe11ac0000 - 0x00007ffe11b55000 	C:\WINDOWS\system32\uxtheme.dll
0x00007ffe164e0000 - 0x00007ffe1663b000 	C:\WINDOWS\System32\MSCTF.dll
0x00007ffe06640000 - 0x00007ffe06688000 	C:\Program Files (x86)\TeamViewer\tv_x64.dll
0x00007ffe15db0000 - 0x00007ffe15ee7000 	C:\WINDOWS\System32\ole32.dll
0x0000000057750000 - 0x0000000057797000 	C:\Program Files\Java\jre1.8.0_111\bin\fontmanager.dll
0x0000000057a80000 - 0x0000000057a9a000 	C:\Program Files\Java\jre1.8.0_111\bin\net.dll
0x00007ffe12c00000 - 0x00007ffe12c5c000 	C:\WINDOWS\system32\mswsock.dll
0x0000000057a60000 - 0x0000000057a71000 	C:\Program Files\Java\jre1.8.0_111\bin\nio.dll
0x0000000057700000 - 0x0000000057742000 	C:\Program Files\Java\jre1.8.0_111\bin\t2k.dll
0x00007ffe16dd0000 - 0x00007ffe16e6f000 	C:\WINDOWS\System32\clbcatq.dll
0x00007ffe10a80000 - 0x00007ffe10c28000 	C:\WINDOWS\SYSTEM32\WindowsCodecs.dll
0x00007ffe05f10000 - 0x00007ffe05f59000 	C:\WINDOWS\system32\dataexchange.dll
0x00007ffe0fba0000 - 0x00007ffe0fe56000 	C:\WINDOWS\system32\d3d11.dll
0x00007ffe11370000 - 0x00007ffe114c1000 	C:\WINDOWS\system32\dcomp.dll
0x00007ffe122c0000 - 0x00007ffe1235f000 	C:\WINDOWS\system32\dxgi.dll
0x00007ffe11d60000 - 0x00007ffe11e7c000 	C:\WINDOWS\system32\twinapi.appcore.dll
0x00007ffe13270000 - 0x00007ffe1329b000 	C:\WINDOWS\system32\bcrypt.dll
0x00007ffe12da0000 - 0x00007ffe12db7000 	C:\WINDOWS\SYSTEM32\CRYPTSP.dll
0x00007ffe12810000 - 0x00007ffe12843000 	C:\WINDOWS\system32\rsaenh.dll
0x00007ffe12a80000 - 0x00007ffe12a9f000 	C:\WINDOWS\SYSTEM32\USERENV.dll
0x00007ffe13260000 - 0x00007ffe1326b000 	C:\WINDOWS\SYSTEM32\CRYPTBASE.dll
0x00007ffe12990000 - 0x00007ffe129c8000 	C:\WINDOWS\SYSTEM32\IPHLPAPI.DLL
0x00007ffe15da0000 - 0x00007ffe15da8000 	C:\WINDOWS\System32\NSI.dll
0x00007ffe064e0000 - 0x00007ffe064f6000 	C:\WINDOWS\SYSTEM32\dhcpcsvc6.DLL
0x00007ffe064c0000 - 0x00007ffe064da000 	C:\WINDOWS\SYSTEM32\dhcpcsvc.DLL
0x0000000180000000 - 0x0000000180031000 	C:\Users\joech\AppData\Local\Temp\jna1315890051098663359.tmp
0x00007ffdecc10000 - 0x00007ffdecd45000 	C:\Users\joech\git\AutoTrade\AutoTrade\spapidllm64.dll
0x0000000057660000 - 0x00000000576f8000 	C:\WINDOWS\SYSTEM32\MSVCP100.dll
0x00007ffdeca50000 - 0x00007ffdecc08000 	C:\Program Files\Intel\TXE Components\TCS\LIBEAY32.dll
0x00007ffe08fc0000 - 0x00007ffe09032000 	C:\Program Files\Intel\TXE Components\TCS\SSLEAY32.dll
0x00007ffe129e0000 - 0x00007ffe12a80000 	C:\WINDOWS\SYSTEM32\DNSAPI.dll
0x00007ffe00a90000 - 0x00007ffe00a9a000 	C:\Windows\System32\rasadhlp.dll
0x00007ffe06c70000 - 0x00007ffe06cda000 	C:\WINDOWS\System32\fwpuclnt.dll
0x000000006d580000 - 0x000000006d63d000 	C:\Users\joech\AppData\Local\Temp\sqlite-3.8.11.2-d9dd8189-a963-4c7b-b4bc-782ff6ff451f-sqlitejdbc.dll
0x00007ffe0f1c0000 - 0x00007ffe0f352000 	C:\WINDOWS\SYSTEM32\dbghelp.dll

VM Arguments:
jvm_args: -Dfile.encoding=MS950 
java_command: net.icegalaxy.Main
java_class_path (initial): C:\Users\joech\git\AutoTrade\AutoTrade\bin;C:\Users\joech\git\AutoTrade\AutoTrade\sikuli-script.jar;C:\Users\joech\git\AutoTrade\AutoTrade\sqlite-jdbc-3.8.11.2.jar;C:\Users\joech\git\AutoTrade\AutoTrade\jna-4.3.0.jar
Launcher Type: SUN_STANDARD

Environment Variables:
PATH=C:/Program Files/Java/jre1.8.0_111/bin/server;C:/Program Files/Java/jre1.8.0_111/bin;C:/Program Files/Java/jre1.8.0_111/lib/amd64;C:\ProgramData\Oracle\Java\javapath;C:\Program Files (x86)\Intel\TXE Components\TCS\;C:\Program Files\Intel\TXE Components\TCS\;C:\WINDOWS\system32;C:\WINDOWS;C:\WINDOWS\System32\Wbem;C:\WINDOWS\System32\WindowsPowerShell\v1.0\;C:\Program Files\Intel\TXE Components\DAL\;C:\Program Files (x86)\Intel\TXE Components\DAL\;C:\Program Files\Intel\TXE Components\IPT\;C:\Program Files (x86)\Intel\TXE Components\IPT\;C:\Program Files\Intel\WiFi\bin\;C:\Program Files\Common Files\Intel\WirelessCommon\;C:\WINDOWS\system32\config\systemprofile\.dnx\bin;C:\Program Files\Microsoft DNX\Dnvm\;C:\Program Files\Microsoft SQL Server\130\Tools\Binn\;C:\Users\joech\AppData\Local\Microsoft\WindowsApps;;C:\Users\joech\Desktop;
USERNAME=joech
OS=Windows_NT
PROCESSOR_IDENTIFIER=Intel64 Family 6 Model 76 Stepping 4, GenuineIntel



---------------  S Y S T E M  ---------------

OS: Windows 10.0 , 64 bit Build 14393 (10.0.14393.0)

CPU:total 4 (4 cores per cpu, 1 threads per core) family 6 model 76 stepping 4, cmov, cx8, fxsr, mmx, sse, sse2, sse3, ssse3, sse4.1, sse4.2, popcnt, aes, clmul, erms, 3dnowpref, tsc, tscinvbit

Memory: 4k page, physical 4089972k(1598884k free), swap 5531764k(2320068k free)

vm_info: Java HotSpot(TM) 64-Bit Server VM (25.111-b14) for windows-amd64 JRE (1.8.0_111-b14), built on Sep 22 2016 19:24:05 by "java_re" with MS VC++ 10.0 (VS2010)

time: Fri Feb 24 16:30:04 2017
elapsed time: 54699 seconds (0d 15h 11m 39s)

