#
# A fatal error has been detected by the Java Runtime Environment:
#
#  EXCEPTION_ACCESS_VIOLATION (0xc0000005) at pc=0x00007ffdfdd94fa8, pid=2816, tid=0x0000000000002484
#
# JRE version: Java(TM) SE Runtime Environment (8.0_111-b14) (build 1.8.0_111-b14)
# Java VM: Java HotSpot(TM) 64-Bit Server VM (25.111-b14 mixed mode windows-amd64 compressed oops)
# Problematic frame:
# C  [spapidllm64.dll+0x4fa8]
#
# Failed to write core dump. Minidumps are not enabled by default on client versions of Windows
#
# If you would like to submit a bug report, please visit:
#   http://bugreport.java.com/bugreport/crash.jsp
# The crash happened outside the Java Virtual Machine in native code.
# See problematic frame for where to report the bug.
#

---------------  T H R E A D  ---------------

Current thread (0x0000000017f1b800):  JavaThread "Thread-125" [_thread_in_native, id=9348, stack(0x0000000019e40000,0x0000000019f40000)]

siginfo: ExceptionCode=0xc0000005, reading address 0x0000000000000084

Registers:
RAX=0x0000000000002484, RBX=0x0000000000000080, RCX=0x0000000019f3e868, RDX=0x0000000000000000
RSP=0x0000000019f3e730, RBP=0x0000000019f3e7d9, RSI=0x0000000000002484, RDI=0x0000000019f3e868
R8 =0x0000000019f3e858, R9 =0x0000000019f3e9a0, R10=0x0000000000000000, R11=0x0000000000000246
R12=0x0000000000000000, R13=0x00000000183f5660, R14=0x0000000019f3ed00, R15=0x0000000017f1b800
RIP=0x00007ffdfdd94fa8, EFLAGS=0x0000000000010246

Top of Stack: (sp=0x0000000019f3e730)
0x0000000019f3e730:   00000000183cd418 0000000000000000
0x0000000019f3e740:   0000ffac9150267e 0000000000200021
0x0000000019f3e750:   0000000019f3ecc8 00000000183cd418
0x0000000019f3e760:   0000000000000000 0000000000000000
0x0000000019f3e770:   fffffffffffffffe 0000000019f3ecf8
0x0000000019f3e780:   00000000183cd418 0000000000000000
0x0000000019f3e790:   0000000000200021 0000000019f3ecc8
0x0000000019f3e7a0:   0000000017f1b800 0000000019f3ecf8
0x0000000019f3e7b0:   0000000000000004 00000001800114b0
0x0000000019f3e7c0:   00000000183cd418 0000000100000000
0x0000000019f3e7d0:   000000001753e220 000000001753e220
0x0000000019f3e7e0:   00000000183cd418 00000001800027e0
0x0000000019f3e7f0:   00000000183cd418 00007ffdfddadb30
0x0000000019f3e800:   0000000019f3ecc8 0000000000200021
0x0000000019f3e810:   000000001753e220 00007ffdfddadb30
0x0000000019f3e820:   00008d658e7035f4 00000000166d2680 

Instructions: (pc=0x00007ffdfdd94fa8)
0x00007ffdfdd94f88:   45 1f 00 48 8d 05 d6 e0 0c 00 48 89 45 f7 48 8d
0x00007ffdfdd94f98:   4d f7 e8 61 0e 00 00 90 ff 15 62 81 0c 00 8b f0
0x00007ffdfdd94fa8:   8b 4b 04 3b c8 75 04 ff 03 eb 12 48 8d 4b 08 e8
0x00007ffdfdd94fb8:   24 c5 ff ff 87 73 04 c7 03 01 00 00 00 c6 47 08 


Register to memory mapping:

RAX=0x0000000000002484 is an unknown value
RBX=0x0000000000000080 is an unknown value
RCX=0x0000000019f3e868 is pointing into the stack for thread: 0x0000000017f1b800
RDX=0x0000000000000000 is an unknown value
RSP=0x0000000019f3e730 is pointing into the stack for thread: 0x0000000017f1b800
RBP=0x0000000019f3e7d9 is pointing into the stack for thread: 0x0000000017f1b800
RSI=0x0000000000002484 is an unknown value
RDI=0x0000000019f3e868 is pointing into the stack for thread: 0x0000000017f1b800
R8 =0x0000000019f3e858 is pointing into the stack for thread: 0x0000000017f1b800
R9 =0x0000000019f3e9a0 is pointing into the stack for thread: 0x0000000017f1b800
R10=0x0000000000000000 is an unknown value
R11=0x0000000000000246 is an unknown value
R12=0x0000000000000000 is an unknown value
R13={method} {0x00000000183f5668} 'invokeInt' '(I[Ljava/lang/Object;)I' in 'com/sun/jna/Function'
R14=0x0000000019f3ed00 is pointing into the stack for thread: 0x0000000017f1b800
R15=0x0000000017f1b800 is a thread


Stack: [0x0000000019e40000,0x0000000019f40000],  sp=0x0000000019f3e730,  free space=1017k
Native frames: (J=compiled Java code, j=interpreted, Vv=VM code, C=native code)
C  [spapidllm64.dll+0x4fa8]
C  [spapidllm64.dll+0x56447]
C  [spapidllm64.dll+0x1c1ee]
C  [spapidllm64.dll+0xa282]
C  [spapidllm64.dll+0x21fe6]
C  [spapidllm64.dll+0x1db4a]
C  [jna1933484360140390892.tmp+0x11243]
C  [jna1933484360140390892.tmp+0x9d0d]
C  [jna1933484360140390892.tmp+0x1ee7]
C  [jna1933484360140390892.tmp+0x2417]
C  0x0000000002a979b4

Java frames: (J=compiled Java code, j=interpreted, Vv=VM code)
j  com.sun.jna.Function.invokeInt(I[Ljava/lang/Object;)I+0
j  com.sun.jna.Function.invoke([Ljava/lang/Object;Ljava/lang/Class;)Ljava/lang/Object;+315
j  com.sun.jna.Function.invoke(Ljava/lang/Class;[Ljava/lang/Object;Ljava/util/Map;)Ljava/lang/Object;+194
j  com.sun.jna.Library$Handler.invoke(Ljava/lang/Object;Ljava/lang/reflect/Method;[Ljava/lang/Object;)Ljava/lang/Object;+344
j  com.sun.proxy.$Proxy0.SPAPI_Uninitialize()I+9
j  net.icegalaxy.SPApi.unInit()I+35
j  net.icegalaxy.TimePeriodDecider.run()V+383
j  java.lang.Thread.run()V+11
v  ~StubRoutines::call_stub

---------------  P R O C E S S  ---------------

Java Threads: ( => current thread )
=>0x0000000017f1b800 JavaThread "Thread-125" [_thread_in_native, id=9348, stack(0x0000000019e40000,0x0000000019f40000)]
  0x0000000017ef3000 JavaThread "Thread-124" [_thread_blocked, id=636, stack(0x0000000019d40000,0x0000000019e40000)]
  0x0000000016844800 JavaThread "TimerQueue" daemon [_thread_blocked, id=1020, stack(0x0000000018af0000,0x0000000018bf0000)]
  0x0000000002980800 JavaThread "DestroyJavaVM" [_thread_blocked, id=11064, stack(0x0000000002880000,0x0000000002980000)]
  0x0000000017a15800 JavaThread "AWT-EventQueue-0" [_thread_blocked, id=7792, stack(0x0000000018130000,0x0000000018230000)]
  0x0000000016838800 JavaThread "AWT-Windows" daemon [_thread_in_native, id=9388, stack(0x0000000017360000,0x0000000017460000)]
  0x0000000016833800 JavaThread "AWT-Shutdown" [_thread_blocked, id=7312, stack(0x0000000017260000,0x0000000017360000)]
  0x00000000167e2800 JavaThread "Java2D Disposer" daemon [_thread_blocked, id=444, stack(0x00000000170e0000,0x00000000171e0000)]
  0x0000000016510000 JavaThread "Service Thread" daemon [_thread_blocked, id=8324, stack(0x0000000016db0000,0x0000000016eb0000)]
  0x0000000016509000 JavaThread "C1 CompilerThread2" daemon [_thread_blocked, id=8332, stack(0x0000000016cb0000,0x0000000016db0000)]
  0x00000000150ce800 JavaThread "C2 CompilerThread1" daemon [_thread_blocked, id=1132, stack(0x0000000016bb0000,0x0000000016cb0000)]
  0x0000000015086800 JavaThread "C2 CompilerThread0" daemon [_thread_blocked, id=1820, stack(0x0000000016ab0000,0x0000000016bb0000)]
  0x00000000164f3800 JavaThread "Attach Listener" daemon [_thread_blocked, id=5088, stack(0x00000000169b0000,0x0000000016ab0000)]
  0x0000000015067800 JavaThread "Signal Dispatcher" daemon [_thread_blocked, id=6680, stack(0x00000000168b0000,0x00000000169b0000)]
  0x000000001505a800 JavaThread "Finalizer" daemon [_thread_blocked, id=7828, stack(0x00000000162c0000,0x00000000163c0000)]
  0x0000000002a6f000 JavaThread "Reference Handler" daemon [_thread_blocked, id=7704, stack(0x00000000161c0000,0x00000000162c0000)]

Other Threads:
  0x0000000015037800 VMThread [stack: 0x00000000160c0000,0x00000000161c0000] [id=4060]
  0x000000001653a000 WatcherThread [stack: 0x0000000016eb0000,0x0000000016fb0000] [id=6724]

VM state:not at safepoint (normal execution)

VM Mutex/Monitor currently owned by a thread: None

Heap:
 PSYoungGen      total 19456K, used 12862K [0x00000000eb300000, 0x00000000efd80000, 0x0000000100000000)
  eden space 18944K, 67% used [0x00000000eb300000,0x00000000ebf6fba0,0x00000000ec580000)
  from space 512K, 25% used [0x00000000efd00000,0x00000000efd20000,0x00000000efd80000)
  to   space 512K, 0% used [0x00000000efc80000,0x00000000efc80000,0x00000000efd00000)
 ParOldGen       total 44032K, used 15036K [0x00000000c1800000, 0x00000000c4300000, 0x00000000eb300000)
  object space 44032K, 34% used [0x00000000c1800000,0x00000000c26af318,0x00000000c4300000)
 Metaspace       used 15942K, capacity 16130K, committed 16384K, reserved 1062912K
  class space    used 1913K, capacity 1997K, committed 2048K, reserved 1048576K

Card table byte_map: [0x0000000011e40000,0x0000000012040000] byte_map_base: 0x0000000011834000

Marking Bits: (ParMarkBitMap*) 0x00000000584fa6c0
 Begin Bits: [0x0000000012590000, 0x0000000013530000)
 End Bits:   [0x0000000013530000, 0x00000000144d0000)

Polling page: 0x0000000000860000

CodeCache: size=245760Kb used=7081Kb max_used=7668Kb free=238678Kb
 bounds [0x0000000002a80000, 0x0000000003230000, 0x0000000011a80000]
 total_blobs=2459 nmethods=1938 adapters=434
 compilation: enabled

Compilation events (10 events):
Event: 59057.874 Thread 0x0000000016509000 2439  s    3       net.icegalaxy.Global::setForceSellTime (5 bytes)
Event: 59057.875 Thread 0x0000000016509000 nmethod 2439 0x0000000002d5ead0 code [0x0000000002d5ec20, 0x0000000002d5eed0]
Event: 59102.588 Thread 0x0000000016509000 2440       3       java.util.ServiceLoader$1::hasNext (25 bytes)
Event: 59102.589 Thread 0x0000000016509000 nmethod 2440 0x0000000002cb1510 code [0x0000000002cb16a0, 0x0000000002cb1978]
Event: 59102.589 Thread 0x0000000016509000 2441       3       java.util.ServiceLoader$LazyIterator::hasNext (42 bytes)
Event: 59102.590 Thread 0x0000000016509000 nmethod 2441 0x0000000002e054d0 code [0x0000000002e05680, 0x0000000002e05ac8]
Event: 59103.929 Thread 0x0000000016509000 2442       3       java.lang.String::getBytes (14 bytes)
Event: 59103.930 Thread 0x0000000016509000 nmethod 2442 0x00000000031db710 code [0x00000000031db880, 0x00000000031dba28]
Event: 59103.930 Thread 0x0000000016509000 2443   !   3       java.lang.StringCoding::encode (64 bytes)
Event: 59103.934 Thread 0x0000000016509000 nmethod 2443 0x00000000031c3810 code [0x00000000031c3a80, 0x00000000031c4788]

GC Heap History (10 events):
Event: 58502.209 GC heap before
{Heap before GC invocations=204 (full 0):
 PSYoungGen      total 19456K, used 19072K [0x00000000eb300000, 0x00000000efd80000, 0x0000000100000000)
  eden space 18944K, 100% used [0x00000000eb300000,0x00000000ec580000,0x00000000ec580000)
  from space 512K, 25% used [0x00000000efc80000,0x00000000efca0000,0x00000000efd00000)
  to   space 512K, 0% used [0x00000000efd00000,0x00000000efd00000,0x00000000efd80000)
 ParOldGen       total 44032K, used 14948K [0x00000000c1800000, 0x00000000c4300000, 0x00000000eb300000)
  object space 44032K, 33% used [0x00000000c1800000,0x00000000c2699318,0x00000000c4300000)
 Metaspace       used 15937K, capacity 16130K, committed 16384K, reserved 1062912K
  class space    used 1913K, capacity 1997K, committed 2048K, reserved 1048576K
Event: 58502.214 GC heap after
Heap after GC invocations=204 (full 0):
 PSYoungGen      total 19456K, used 128K [0x00000000eb300000, 0x00000000efd80000, 0x0000000100000000)
  eden space 18944K, 0% used [0x00000000eb300000,0x00000000eb300000,0x00000000ec580000)
  from space 512K, 25% used [0x00000000efd00000,0x00000000efd20000,0x00000000efd80000)
  to   space 512K, 0% used [0x00000000efc80000,0x00000000efc80000,0x00000000efd00000)
 ParOldGen       total 44032K, used 14964K [0x00000000c1800000, 0x00000000c4300000, 0x00000000eb300000)
  object space 44032K, 33% used [0x00000000c1800000,0x00000000c269d318,0x00000000c4300000)
 Metaspace       used 15937K, capacity 16130K, committed 16384K, reserved 1062912K
  class space    used 1913K, capacity 1997K, committed 2048K, reserved 1048576K
}
Event: 58640.190 GC heap before
{Heap before GC invocations=205 (full 0):
 PSYoungGen      total 19456K, used 19072K [0x00000000eb300000, 0x00000000efd80000, 0x0000000100000000)
  eden space 18944K, 100% used [0x00000000eb300000,0x00000000ec580000,0x00000000ec580000)
  from space 512K, 25% used [0x00000000efd00000,0x00000000efd20000,0x00000000efd80000)
  to   space 512K, 0% used [0x00000000efc80000,0x00000000efc80000,0x00000000efd00000)
 ParOldGen       total 44032K, used 14964K [0x00000000c1800000, 0x00000000c4300000, 0x00000000eb300000)
  object space 44032K, 33% used [0x00000000c1800000,0x00000000c269d318,0x00000000c4300000)
 Metaspace       used 15937K, capacity 16130K, committed 16384K, reserved 1062912K
  class space    used 1913K, capacity 1997K, committed 2048K, reserved 1048576K
Event: 58640.194 GC heap after
Heap after GC invocations=205 (full 0):
 PSYoungGen      total 19456K, used 128K [0x00000000eb300000, 0x00000000efd80000, 0x0000000100000000)
  eden space 18944K, 0% used [0x00000000eb300000,0x00000000eb300000,0x00000000ec580000)
  from space 512K, 25% used [0x00000000efc80000,0x00000000efca0000,0x00000000efd00000)
  to   space 512K, 0% used [0x00000000efd00000,0x00000000efd00000,0x00000000efd80000)
 ParOldGen       total 44032K, used 14980K [0x00000000c1800000, 0x00000000c4300000, 0x00000000eb300000)
  object space 44032K, 34% used [0x00000000c1800000,0x00000000c26a1318,0x00000000c4300000)
 Metaspace       used 15937K, capacity 16130K, committed 16384K, reserved 1062912K
  class space    used 1913K, capacity 1997K, committed 2048K, reserved 1048576K
}
Event: 58801.352 GC heap before
{Heap before GC invocations=206 (full 0):
 PSYoungGen      total 19456K, used 19072K [0x00000000eb300000, 0x00000000efd80000, 0x0000000100000000)
  eden space 18944K, 100% used [0x00000000eb300000,0x00000000ec580000,0x00000000ec580000)
  from space 512K, 25% used [0x00000000efc80000,0x00000000efca0000,0x00000000efd00000)
  to   space 512K, 0% used [0x00000000efd00000,0x00000000efd00000,0x00000000efd80000)
 ParOldGen       total 44032K, used 14980K [0x00000000c1800000, 0x00000000c4300000, 0x00000000eb300000)
  object space 44032K, 34% used [0x00000000c1800000,0x00000000c26a1318,0x00000000c4300000)
 Metaspace       used 15937K, capacity 16130K, committed 16384K, reserved 1062912K
  class space    used 1913K, capacity 1997K, committed 2048K, reserved 1048576K
Event: 58801.356 GC heap after
Heap after GC invocations=206 (full 0):
 PSYoungGen      total 19456K, used 128K [0x00000000eb300000, 0x00000000efd80000, 0x0000000100000000)
  eden space 18944K, 0% used [0x00000000eb300000,0x00000000eb300000,0x00000000ec580000)
  from space 512K, 25% used [0x00000000efd00000,0x00000000efd20000,0x00000000efd80000)
  to   space 512K, 0% used [0x00000000efc80000,0x00000000efc80000,0x00000000efd00000)
 ParOldGen       total 44032K, used 14996K [0x00000000c1800000, 0x00000000c4300000, 0x00000000eb300000)
  object space 44032K, 34% used [0x00000000c1800000,0x00000000c26a5318,0x00000000c4300000)
 Metaspace       used 15937K, capacity 16130K, committed 16384K, reserved 1062912K
  class space    used 1913K, capacity 1997K, committed 2048K, reserved 1048576K
}
Event: 58927.832 GC heap before
{Heap before GC invocations=207 (full 0):
 PSYoungGen      total 19456K, used 19072K [0x00000000eb300000, 0x00000000efd80000, 0x0000000100000000)
  eden space 18944K, 100% used [0x00000000eb300000,0x00000000ec580000,0x00000000ec580000)
  from space 512K, 25% used [0x00000000efd00000,0x00000000efd20000,0x00000000efd80000)
  to   space 512K, 0% used [0x00000000efc80000,0x00000000efc80000,0x00000000efd00000)
 ParOldGen       total 44032K, used 14996K [0x00000000c1800000, 0x00000000c4300000, 0x00000000eb300000)
  object space 44032K, 34% used [0x00000000c1800000,0x00000000c26a5318,0x00000000c4300000)
 Metaspace       used 15937K, capacity 16130K, committed 16384K, reserved 1062912K
  class space    used 1913K, capacity 1997K, committed 2048K, reserved 1048576K
Event: 58927.836 GC heap after
Heap after GC invocations=207 (full 0):
 PSYoungGen      total 19456K, used 128K [0x00000000eb300000, 0x00000000efd80000, 0x0000000100000000)
  eden space 18944K, 0% used [0x00000000eb300000,0x00000000eb300000,0x00000000ec580000)
  from space 512K, 25% used [0x00000000efc80000,0x00000000efca0000,0x00000000efd00000)
  to   space 512K, 0% used [0x00000000efd00000,0x00000000efd00000,0x00000000efd80000)
 ParOldGen       total 44032K, used 15012K [0x00000000c1800000, 0x00000000c4300000, 0x00000000eb300000)
  object space 44032K, 34% used [0x00000000c1800000,0x00000000c26a9318,0x00000000c4300000)
 Metaspace       used 15937K, capacity 16130K, committed 16384K, reserved 1062912K
  class space    used 1913K, capacity 1997K, committed 2048K, reserved 1048576K
}
Event: 59042.824 GC heap before
{Heap before GC invocations=208 (full 0):
 PSYoungGen      total 19456K, used 19072K [0x00000000eb300000, 0x00000000efd80000, 0x0000000100000000)
  eden space 18944K, 100% used [0x00000000eb300000,0x00000000ec580000,0x00000000ec580000)
  from space 512K, 25% used [0x00000000efc80000,0x00000000efca0000,0x00000000efd00000)
  to   space 512K, 0% used [0x00000000efd00000,0x00000000efd00000,0x00000000efd80000)
 ParOldGen       total 44032K, used 15012K [0x00000000c1800000, 0x00000000c4300000, 0x00000000eb300000)
  object space 44032K, 34% used [0x00000000c1800000,0x00000000c26a9318,0x00000000c4300000)
 Metaspace       used 15938K, capacity 16130K, committed 16384K, reserved 1062912K
  class space    used 1913K, capacity 1997K, committed 2048K, reserved 1048576K
Event: 59042.825 GC heap after
Heap after GC invocations=208 (full 0):
 PSYoungGen      total 19456K, used 128K [0x00000000eb300000, 0x00000000efd80000, 0x0000000100000000)
  eden space 18944K, 0% used [0x00000000eb300000,0x00000000eb300000,0x00000000ec580000)
  from space 512K, 25% used [0x00000000efd00000,0x00000000efd20000,0x00000000efd80000)
  to   space 512K, 0% used [0x00000000efc80000,0x00000000efc80000,0x00000000efd00000)
 ParOldGen       total 44032K, used 15036K [0x00000000c1800000, 0x00000000c4300000, 0x00000000eb300000)
  object space 44032K, 34% used [0x00000000c1800000,0x00000000c26af318,0x00000000c4300000)
 Metaspace       used 15938K, capacity 16130K, committed 16384K, reserved 1062912K
  class space    used 1913K, capacity 1997K, committed 2048K, reserved 1048576K
}

Deoptimization events (10 events):
Event: 53704.310 Thread 0x0000000017ef8800 Uncommon trap: reason=unstable_if action=reinterpret pc=0x0000000002da85e4 method=net.icegalaxy.Rules.isOrderTime()Z @ 27
Event: 57303.597 Thread 0x0000000017f1c000 Uncommon trap: reason=unstable_if action=reinterpret pc=0x000000000318fb04 method=net.icegalaxy.Rules.isOrderTime()Z @ 35
Event: 57303.713 Thread 0x0000000017efe800 Uncommon trap: reason=unstable_if action=reinterpret pc=0x00000000031ba104 method=net.icegalaxy.Rules.isOrderTime()Z @ 35
Event: 57304.601 Thread 0x0000000017efc800 Uncommon trap: reason=unstable_if action=reinterpret pc=0x0000000002e02c7c method=net.icegalaxy.Rules.isOrderTime()Z @ 27
Event: 59103.925 Thread 0x0000000017f1b800 Uncommon trap: reason=unstable_if action=reinterpret pc=0x0000000002e0e09c method=com.sun.jna.Native.getNativeSize(Ljava/lang/Class;)I @ 209
Event: 59103.927 Thread 0x0000000017f1b800 Uncommon trap: reason=unstable_if action=reinterpret pc=0x00000000031372cc method=java.lang.reflect.Method.invoke(Ljava/lang/Object;[Ljava/lang/Object;)Ljava/lang/Object; @ 45
Event: 59104.412 Thread 0x0000000017efc800 Uncommon trap: reason=unstable_if action=reinterpret pc=0x00000000030fdbcc method=net.icegalaxy.Rules.run()V @ 97
Event: 59104.489 Thread 0x0000000017f1d800 Uncommon trap: reason=unstable_if action=reinterpret pc=0x00000000030fdbcc method=net.icegalaxy.Rules.run()V @ 97
Event: 59104.545 Thread 0x0000000017efe800 Uncommon trap: reason=unstable_if action=reinterpret pc=0x00000000030fdbcc method=net.icegalaxy.Rules.run()V @ 97
Event: 59104.852 Thread 0x0000000017ef8800 Uncommon trap: reason=unstable_if action=reinterpret pc=0x00000000030fdbcc method=net.icegalaxy.Rules.run()V @ 97

Internal exceptions (10 events):
Event: 34804.082 Thread 0x0000000017ef8000 Implicit null exception at 0x0000000002d0a8c0 to 0x0000000002d0aa89
Event: 34804.082 Thread 0x0000000017ef8000 Implicit null exception at 0x00000000030f4292 to 0x00000000030f431d
Event: 34804.441 Thread 0x0000000017ef8000 Exception <a 'java/lang/UnsatisfiedLinkError'> (0x00000000ed5d4f48) thrown at [C:\re\workspace\8-2-build-windows-amd64-cygwin\jdk8u111\7883\hotspot\src\share\vm\prims\jvm.cpp, line 3978]
Event: 34804.441 Thread 0x0000000017ef8000 Exception <a 'java/lang/UnsatisfiedLinkError'> (0x00000000ed5d4f48) thrown at [C:\re\workspace\8-2-build-windows-amd64-cygwin\jdk8u111\7883\hotspot\src\share\vm\prims\jni.cpp, line 709]
Event: 34804.441 Thread 0x0000000017ef8000 Exception <a 'java/lang/UnsatisfiedLinkError'> (0x00000000ed5d4f48) thrown at [C:\re\workspace\8-2-build-windows-amd64-cygwin\jdk8u111\7883\hotspot\src\share\vm\oops\instanceKlass.cpp, line 964]
Event: 34804.441 Thread 0x0000000017ef8000 Exception <a 'java/lang/UnsatisfiedLinkError'> (0x00000000ed5d4f48) thrown at [C:\re\workspace\8-2-build-windows-amd64-cygwin\jdk8u111\7883\hotspot\src\share\vm\oops\instanceKlass.cpp, line 964]
Event: 34804.441 Thread 0x0000000017ef9800 Exception <a 'java/lang/NoClassDefFoundError': Could not initialize class net.icegalaxy.Sikuli> (0x00000000ed5ec280) thrown at [C:\re\workspace\8-2-build-windows-amd64-cygwin\jdk8u111\7883\hotspot\src\share\vm\oops\instanceKlass.cpp, line 890]
Event: 34804.441 Thread 0x0000000017efe000 Exception <a 'java/lang/NoClassDefFoundError': Could not initialize class net.icegalaxy.Sikuli> (0x00000000ed5ecaa8) thrown at [C:\re\workspace\8-2-build-windows-amd64-cygwin\jdk8u111\7883\hotspot\src\share\vm\oops\instanceKlass.cpp, line 890]
Event: 36663.755 Thread 0x0000000017f1d000 Exception <a 'java/lang/NoClassDefFoundError': Could not initialize class net.icegalaxy.Sikuli> (0x00000000eb5f1820) thrown at [C:\re\workspace\8-2-build-windows-amd64-cygwin\jdk8u111\7883\hotspot\src\share\vm\oops\instanceKlass.cpp, line 890]
Event: 59103.927 Thread 0x0000000017f1b800 Implicit null exception at 0x00000000031371ce to 0x00000000031372c1

Events (10 events):
Event: 59104.545 Thread 0x0000000017efe800 DEOPT UNPACKING pc=0x0000000002ac582a sp=0x000000001a43f338 mode 2
Event: 59104.545 Executing VM operation: RevokeBias
Event: 59104.545 Executing VM operation: RevokeBias done
Event: 59104.545 Thread 0x0000000017efe800 Thread exited: 0x0000000017efe800
Event: 59104.852 Thread 0x0000000017ef8800 Uncommon trap: trap_request=0xffffff65 fr.pc=0x00000000030fdbcc
Event: 59104.852 Thread 0x0000000017ef8800 DEOPT PACKING pc=0x00000000030fdbcc sp=0x000000001a73f3a0
Event: 59104.852 Thread 0x0000000017ef8800 DEOPT UNPACKING pc=0x0000000002ac582a sp=0x000000001a73f368 mode 2
Event: 59104.852 Executing VM operation: RevokeBias
Event: 59104.853 Executing VM operation: RevokeBias done
Event: 59104.853 Thread 0x0000000017ef8800 Thread exited: 0x0000000017ef8800


Dynamic libraries:
0x00007ff688200000 - 0x00007ff688237000 	C:\Program Files\Java\jre1.8.0_111\bin\javaw.exe
0x00007ffe16ed0000 - 0x00007ffe170a1000 	C:\WINDOWS\SYSTEM32\ntdll.dll
0x00007ffe16cb0000 - 0x00007ffe16d5b000 	C:\WINDOWS\System32\KERNEL32.DLL
0x00007ffe13700000 - 0x00007ffe1391d000 	C:\WINDOWS\System32\KERNELBASE.dll
0x00007ffe166b0000 - 0x00007ffe16752000 	C:\WINDOWS\System32\ADVAPI32.dll
0x00007ffe16c10000 - 0x00007ffe16cae000 	C:\WINDOWS\System32\msvcrt.dll
0x00007ffe16890000 - 0x00007ffe168e9000 	C:\WINDOWS\System32\sechost.dll
0x00007ffe16760000 - 0x00007ffe16881000 	C:\WINDOWS\System32\RPCRT4.dll
0x00007ffe15f50000 - 0x00007ffe160b5000 	C:\WINDOWS\System32\USER32.dll
0x00007ffe14270000 - 0x00007ffe1428e000 	C:\WINDOWS\System32\win32u.dll
0x00007ffe160c0000 - 0x00007ffe160f4000 	C:\WINDOWS\System32\GDI32.dll
0x00007ffe13570000 - 0x00007ffe136f2000 	C:\WINDOWS\System32\gdi32full.dll
0x00007ffe090d0000 - 0x00007ffe09349000 	C:\WINDOWS\WinSxS\amd64_microsoft.windows.common-controls_6595b64144ccf1df_6.0.14393.447_none_42191651c6827bb3\COMCTL32.dll
0x00007ffe16110000 - 0x00007ffe163d8000 	C:\WINDOWS\System32\combase.dll
0x00007ffe14120000 - 0x00007ffe14215000 	C:\WINDOWS\System32\ucrtbase.dll
0x00007ffe140b0000 - 0x00007ffe1411a000 	C:\WINDOWS\System32\bcryptPrimitives.dll
0x00007ffe168f0000 - 0x00007ffe1691e000 	C:\WINDOWS\System32\IMM32.DLL
0x0000000057a40000 - 0x0000000057b12000 	C:\Program Files\Java\jre1.8.0_111\bin\msvcr100.dll
0x0000000057ce0000 - 0x000000005857a000 	C:\Program Files\Java\jre1.8.0_111\bin\server\jvm.dll
0x00007ffe16100000 - 0x00007ffe16108000 	C:\WINDOWS\System32\PSAPI.DLL
0x00007ffe0f4b0000 - 0x00007ffe0f4b9000 	C:\WINDOWS\SYSTEM32\WSOCK32.dll
0x00007ffe11310000 - 0x00007ffe11333000 	C:\WINDOWS\SYSTEM32\WINMM.dll
0x00007ffe16920000 - 0x00007ffe1698a000 	C:\WINDOWS\System32\WS2_32.dll
0x00007ffe06560000 - 0x00007ffe0656a000 	C:\WINDOWS\SYSTEM32\VERSION.dll
0x00007ffe112e0000 - 0x00007ffe1130b000 	C:\WINDOWS\SYSTEM32\WINMMBASE.dll
0x00007ffe14220000 - 0x00007ffe14262000 	C:\WINDOWS\System32\cfgmgr32.dll
0x0000000057bf0000 - 0x0000000057bff000 	C:\Program Files\Java\jre1.8.0_111\bin\verify.dll
0x0000000057bc0000 - 0x0000000057be9000 	C:\Program Files\Java\jre1.8.0_111\bin\java.dll
0x0000000057ba0000 - 0x0000000057bb6000 	C:\Program Files\Java\jre1.8.0_111\bin\zip.dll
0x00007ffe14460000 - 0x00007ffe15969000 	C:\WINDOWS\System32\SHELL32.dll
0x00007ffe13920000 - 0x00007ffe13ffa000 	C:\WINDOWS\System32\windows.storage.dll
0x00007ffe13330000 - 0x00007ffe1337c000 	C:\WINDOWS\System32\powrprof.dll
0x00007ffe16e70000 - 0x00007ffe16ec2000 	C:\WINDOWS\System32\shlwapi.dll
0x00007ffe13380000 - 0x00007ffe1338f000 	C:\WINDOWS\System32\kernel.appcore.dll
0x00007ffe134c0000 - 0x00007ffe13569000 	C:\WINDOWS\System32\shcore.dll
0x00007ffe133a0000 - 0x00007ffe133b4000 	C:\WINDOWS\System32\profapi.dll
0x00000000578a0000 - 0x0000000057a38000 	C:\Program Files\Java\jre1.8.0_111\bin\awt.dll
0x00007ffe16990000 - 0x00007ffe16a4f000 	C:\WINDOWS\System32\OLEAUT32.dll
0x00007ffe133c0000 - 0x00007ffe1345c000 	C:\WINDOWS\System32\msvcp_win.dll
0x00007ffe118e0000 - 0x00007ffe1195a000 	C:\WINDOWS\SYSTEM32\apphelp.dll
0x00007ffe11190000 - 0x00007ffe111b6000 	C:\WINDOWS\system32\DWMAPI.DLL
0x00007ffe11ac0000 - 0x00007ffe11b55000 	C:\WINDOWS\system32\uxtheme.dll
0x00007ffe164e0000 - 0x00007ffe1663b000 	C:\WINDOWS\System32\MSCTF.dll
0x00007ffe15db0000 - 0x00007ffe15ee7000 	C:\WINDOWS\System32\ole32.dll
0x0000000057850000 - 0x0000000057897000 	C:\Program Files\Java\jre1.8.0_111\bin\fontmanager.dll
0x0000000057b80000 - 0x0000000057b9a000 	C:\Program Files\Java\jre1.8.0_111\bin\net.dll
0x00007ffe12c00000 - 0x00007ffe12c5c000 	C:\WINDOWS\system32\mswsock.dll
0x0000000057b60000 - 0x0000000057b71000 	C:\Program Files\Java\jre1.8.0_111\bin\nio.dll
0x0000000057800000 - 0x0000000057842000 	C:\Program Files\Java\jre1.8.0_111\bin\t2k.dll
0x00007ffe16dd0000 - 0x00007ffe16e6f000 	C:\WINDOWS\System32\clbcatq.dll
0x00007ffe10a80000 - 0x00007ffe10c28000 	C:\WINDOWS\SYSTEM32\WindowsCodecs.dll
0x00007ffdfb310000 - 0x00007ffdfb359000 	C:\WINDOWS\system32\dataexchange.dll
0x00007ffe0fba0000 - 0x00007ffe0fe56000 	C:\WINDOWS\system32\d3d11.dll
0x00007ffe11370000 - 0x00007ffe114c1000 	C:\WINDOWS\system32\dcomp.dll
0x00007ffe122c0000 - 0x00007ffe1235f000 	C:\WINDOWS\system32\dxgi.dll
0x00007ffe11d60000 - 0x00007ffe11e7c000 	C:\WINDOWS\system32\twinapi.appcore.dll
0x00007ffe13270000 - 0x00007ffe1329b000 	C:\WINDOWS\system32\bcrypt.dll
0x00007ffe12da0000 - 0x00007ffe12db7000 	C:\WINDOWS\SYSTEM32\CRYPTSP.dll
0x00007ffe12810000 - 0x00007ffe12843000 	C:\WINDOWS\system32\rsaenh.dll
0x00007ffe12a80000 - 0x00007ffe12a9f000 	C:\WINDOWS\SYSTEM32\USERENV.dll
0x00007ffe13260000 - 0x00007ffe1326b000 	C:\WINDOWS\SYSTEM32\CRYPTBASE.dll
0x00007ffe12990000 - 0x00007ffe129c8000 	C:\WINDOWS\SYSTEM32\IPHLPAPI.DLL
0x00007ffe15da0000 - 0x00007ffe15da8000 	C:\WINDOWS\System32\NSI.dll
0x00007ffe064e0000 - 0x00007ffe064f6000 	C:\WINDOWS\SYSTEM32\dhcpcsvc6.DLL
0x00007ffe064c0000 - 0x00007ffe064da000 	C:\WINDOWS\SYSTEM32\dhcpcsvc.DLL
0x0000000180000000 - 0x0000000180031000 	C:\Users\joech\AppData\Local\Temp\jna1933484360140390892.tmp
0x00007ffdfdd90000 - 0x00007ffdfdec5000 	C:\Users\joech\git\AutoTrade\AutoTrade\spapidllm64.dll
0x0000000057760000 - 0x00000000577f8000 	C:\WINDOWS\SYSTEM32\MSVCP100.dll
0x00007ffdf4160000 - 0x00007ffdf4318000 	C:\Program Files\Intel\TXE Components\TCS\LIBEAY32.dll
0x00007ffe08ea0000 - 0x00007ffe08f12000 	C:\Program Files\Intel\TXE Components\TCS\SSLEAY32.dll
0x00007ffe129e0000 - 0x00007ffe12a80000 	C:\WINDOWS\SYSTEM32\DNSAPI.dll
0x00007ffe00a90000 - 0x00007ffe00a9a000 	C:\Windows\System32\rasadhlp.dll
0x00007ffe06c70000 - 0x00007ffe06cda000 	C:\WINDOWS\System32\fwpuclnt.dll
0x000000006d580000 - 0x000000006d63d000 	C:\Users\joech\AppData\Local\Temp\sqlite-3.8.11.2-06da9a9a-06a8-49c6-9311-35535cbdf2b3-sqlitejdbc.dll
0x00007ffdfe7c0000 - 0x00007ffdfe808000 	C:\Program Files (x86)\TeamViewer\tv_x64.dll
0x00007ffe0f1c0000 - 0x00007ffe0f352000 	C:\WINDOWS\SYSTEM32\dbghelp.dll

VM Arguments:
jvm_args: -Dfile.encoding=MS950 
java_command: net.icegalaxy.Main
java_class_path (initial): C:\Users\joech\git\AutoTrade\AutoTrade\bin;C:\Users\joech\git\AutoTrade\AutoTrade\sikuli-script.jar;C:\Users\joech\git\AutoTrade\AutoTrade\sqlite-jdbc-3.8.11.2.jar;C:\Users\joech\git\AutoTrade\AutoTrade\jna-4.3.0.jar
Launcher Type: SUN_STANDARD

Environment Variables:
PATH=C:/Program Files/Java/jre1.8.0_111/bin/server;C:/Program Files/Java/jre1.8.0_111/bin;C:/Program Files/Java/jre1.8.0_111/lib/amd64;C:\ProgramData\Oracle\Java\javapath;C:\Program Files (x86)\Intel\TXE Components\TCS\;C:\Program Files\Intel\TXE Components\TCS\;C:\WINDOWS\system32;C:\WINDOWS;C:\WINDOWS\System32\Wbem;C:\WINDOWS\System32\WindowsPowerShell\v1.0\;C:\Program Files\Intel\TXE Components\DAL\;C:\Program Files (x86)\Intel\TXE Components\DAL\;C:\Program Files\Intel\TXE Components\IPT\;C:\Program Files (x86)\Intel\TXE Components\IPT\;C:\Program Files\Intel\WiFi\bin\;C:\Program Files\Common Files\Intel\WirelessCommon\;C:\WINDOWS\system32\config\systemprofile\.dnx\bin;C:\Program Files\Microsoft DNX\Dnvm\;C:\Program Files\Microsoft SQL Server\130\Tools\Binn\;C:\Users\joech\AppData\Local\Microsoft\WindowsApps;;C:\Users\joech\Desktop;
USERNAME=joech
OS=Windows_NT
PROCESSOR_IDENTIFIER=Intel64 Family 6 Model 76 Stepping 4, GenuineIntel



---------------  S Y S T E M  ---------------

OS: Windows 10.0 , 64 bit Build 14393 (10.0.14393.0)

CPU:total 4 (4 cores per cpu, 1 threads per core) family 6 model 76 stepping 4, cmov, cx8, fxsr, mmx, sse, sse2, sse3, ssse3, sse4.1, sse4.2, popcnt, aes, clmul, erms, 3dnowpref, tsc, tscinvbit

Memory: 4k page, physical 4089972k(1627332k free), swap 5531764k(2277044k free)

vm_info: Java HotSpot(TM) 64-Bit Server VM (25.111-b14) for windows-amd64 JRE (1.8.0_111-b14), built on Sep 22 2016 19:24:05 by "java_re" with MS VC++ 10.0 (VS2010)

time: Thu Feb 23 16:30:03 2017
elapsed time: 59106 seconds (0d 16h 25m 6s)

